<?xml version="1.0" encoding="UTF-8"?>
<testsuite xmlns:xsi="http://www.w3.org/2001/XMLSchema-instance" xsi:noNamespaceSchemaLocation="https://maven.apache.org/surefire/maven-surefire-plugin/xsd/surefire-test-report.xsd" name="org.xcolab.entity.utils.LinkUtilsTest" time="0.329" tests="7" errors="0" skipped="0" failures="0">
  <properties>
    <property name="sun.desktop" value="windows"/>
    <property name="awt.toolkit" value="sun.awt.windows.WToolkit"/>
    <property name="file.encoding.pkg" value="sun.io"/>
    <property name="java.specification.version" value="1.8"/>
    <property name="sun.cpu.isalist" value="amd64"/>
    <property name="sun.jnu.encoding" value="Cp1252"/>
    <property name="java.class.path" value="C:\Users\Solmedo\workspace-git\XCoLab\util\entity-utils\target\test-classes;C:\Users\Solmedo\workspace-git\XCoLab\util\entity-utils\target\classes;C:\Users\Solmedo\.m2\repository\javax\servlet\javax.servlet-api\3.1.0\javax.servlet-api-3.1.0.jar;C:\Users\Solmedo\.m2\repository\javax\mail\mail\1.4.7\mail-1.4.7.jar;C:\Users\Solmedo\.m2\repository\javax\activation\activation\1.1\activation-1.1.jar;C:\Users\Solmedo\.m2\repository\org\slf4j\slf4j-api\1.7.25\slf4j-api-1.7.25.jar;C:\Users\Solmedo\.m2\repository\org\apache\commons\commons-collections4\4.1\commons-collections4-4.1.jar;C:\Users\Solmedo\.m2\repository\org\json\json\20160212\json-20160212.jar;C:\Users\Solmedo\workspace-git\XCoLab\microservices\clients\contestproposal-client\target\contestproposal-client-1.0-SNAPSHOT.jar;C:\Users\Solmedo\workspace-git\XCoLab\util\xcolab-utils\target\xcolab-utils-1.0-SNAPSHOT.jar;C:\Users\Solmedo\.m2\repository\org\springframework\boot\spring-boot-starter-data-redis\1.5.12.RELEASE\spring-boot-starter-data-redis-1.5.12.RELEASE.jar;C:\Users\Solmedo\.m2\repository\org\springframework\boot\spring-boot-starter\1.5.12.RELEASE\spring-boot-starter-1.5.12.RELEASE.jar;C:\Users\Solmedo\.m2\repository\org\springframework\boot\spring-boot-starter-logging\1.5.12.RELEASE\spring-boot-starter-logging-1.5.12.RELEASE.jar;C:\Users\Solmedo\.m2\repository\ch\qos\logback\logback-classic\1.1.11\logback-classic-1.1.11.jar;C:\Users\Solmedo\.m2\repository\ch\qos\logback\logback-core\1.1.11\logback-core-1.1.11.jar;C:\Users\Solmedo\.m2\repository\org\slf4j\jul-to-slf4j\1.7.25\jul-to-slf4j-1.7.25.jar;C:\Users\Solmedo\.m2\repository\org\slf4j\log4j-over-slf4j\1.7.25\log4j-over-slf4j-1.7.25.jar;C:\Users\Solmedo\.m2\repository\org\springframework\spring-core\4.3.16.RELEASE\spring-core-4.3.16.RELEASE.jar;C:\Users\Solmedo\.m2\repository\org\yaml\snakeyaml\1.17\snakeyaml-1.17.jar;C:\Users\Solmedo\.m2\repository\org\springframework\data\spring-data-redis\1.8.11.RELEASE\spring-data-redis-1.8.11.RELEASE.jar;C:\Users\Solmedo\.m2\repository\org\springframework\data\spring-data-keyvalue\1.2.11.RELEASE\spring-data-keyvalue-1.2.11.RELEASE.jar;C:\Users\Solmedo\.m2\repository\org\springframework\data\spring-data-commons\1.13.11.RELEASE\spring-data-commons-1.13.11.RELEASE.jar;C:\Users\Solmedo\.m2\repository\org\springframework\spring-tx\4.3.16.RELEASE\spring-tx-4.3.16.RELEASE.jar;C:\Users\Solmedo\.m2\repository\org\springframework\spring-oxm\4.3.16.RELEASE\spring-oxm-4.3.16.RELEASE.jar;C:\Users\Solmedo\.m2\repository\org\springframework\spring-aop\4.3.16.RELEASE\spring-aop-4.3.16.RELEASE.jar;C:\Users\Solmedo\.m2\repository\org\springframework\spring-context-support\4.3.16.RELEASE\spring-context-support-4.3.16.RELEASE.jar;C:\Users\Solmedo\.m2\repository\org\slf4j\jcl-over-slf4j\1.7.25\jcl-over-slf4j-1.7.25.jar;C:\Users\Solmedo\.m2\repository\redis\clients\jedis\2.9.0\jedis-2.9.0.jar;C:\Users\Solmedo\.m2\repository\org\apache\commons\commons-pool2\2.4.3\commons-pool2-2.4.3.jar;C:\Users\Solmedo\.m2\repository\org\ehcache\ehcache\3.4.0\ehcache-3.4.0.jar;C:\Users\Solmedo\.m2\repository\net\sf\ehcache\ehcache\2.10.4\ehcache-2.10.4.jar;C:\Users\Solmedo\.m2\repository\io\dropwizard\metrics\metrics-core\3.2.5\metrics-core-3.2.5.jar;C:\Users\Solmedo\.m2\repository\io\dropwizard\metrics\metrics-ehcache\3.2.5\metrics-ehcache-3.2.5.jar;C:\Users\Solmedo\.m2\repository\org\springframework\boot\spring-boot-autoconfigure\1.5.12.RELEASE\spring-boot-autoconfigure-1.5.12.RELEASE.jar;C:\Users\Solmedo\.m2\repository\org\springframework\boot\spring-boot\1.5.12.RELEASE\spring-boot-1.5.12.RELEASE.jar;C:\Users\Solmedo\.m2\repository\org\springframework\cloud\spring-cloud-commons\1.3.3.RELEASE\spring-cloud-commons-1.3.3.RELEASE.jar;C:\Users\Solmedo\.m2\repository\org\springframework\security\spring-security-crypto\4.2.5.RELEASE\spring-security-crypto-4.2.5.RELEASE.jar;C:\Users\Solmedo\workspace-git\XCoLab\util\xcolab-commons\target\xcolab-commons-1.0-SNAPSHOT.jar;C:\Users\Solmedo\.m2\repository\org\springframework\spring-webmvc\4.3.16.RELEASE\spring-webmvc-4.3.16.RELEASE.jar;C:\Users\Solmedo\.m2\repository\org\springframework\spring-beans\4.3.16.RELEASE\spring-beans-4.3.16.RELEASE.jar;C:\Users\Solmedo\.m2\repository\org\springframework\spring-expression\4.3.16.RELEASE\spring-expression-4.3.16.RELEASE.jar;C:\Users\Solmedo\.m2\repository\org\springframework\spring-web\4.3.16.RELEASE\spring-web-4.3.16.RELEASE.jar;C:\Users\Solmedo\.m2\repository\com\fasterxml\jackson\core\jackson-databind\2.8.11.1\jackson-databind-2.8.11.1.jar;C:\Users\Solmedo\.m2\repository\com\fasterxml\jackson\core\jackson-annotations\2.8.0\jackson-annotations-2.8.0.jar;C:\Users\Solmedo\.m2\repository\com\fasterxml\jackson\core\jackson-core\2.8.11\jackson-core-2.8.11.jar;C:\Users\Solmedo\.m2\repository\org\jooq\jooq-codegen\3.9.2\jooq-codegen-3.9.2.jar;C:\Users\Solmedo\.m2\repository\org\jooq\jooq\3.9.2\jooq-3.9.2.jar;C:\Users\Solmedo\.m2\repository\org\jooq\jooq-meta\3.9.6\jooq-meta-3.9.6.jar;C:\Users\Solmedo\.m2\repository\org\nibor\autolink\autolink\0.7.0\autolink-0.7.0.jar;C:\Users\Solmedo\.m2\repository\org\jsoup\jsoup\1.11.2\jsoup-1.11.2.jar;C:\Users\Solmedo\.m2\repository\org\ocpsoft\prettytime\prettytime\4.0.1.Final\prettytime-4.0.1.Final.jar;C:\Users\Solmedo\.m2\repository\net\sf\opencsv\opencsv\2.3\opencsv-2.3.jar;C:\Users\Solmedo\.m2\repository\commons-io\commons-io\2.6\commons-io-2.6.jar;C:\Users\Solmedo\.m2\repository\edu\mit\cci\roma\client\1.4\client-1.4.jar;C:\Users\Solmedo\.m2\repository\org\apache\httpcomponents\httpclient\4.5.5\httpclient-4.5.5.jar;C:\Users\Solmedo\.m2\repository\org\apache\httpcomponents\httpcore\4.4.9\httpcore-4.4.9.jar;C:\Users\Solmedo\.m2\repository\commons-codec\commons-codec\1.10\commons-codec-1.10.jar;C:\Users\Solmedo\.m2\repository\commons-lang\commons-lang\2.3\commons-lang-2.3.jar;C:\Users\Solmedo\.m2\repository\edu\mit\cci\roma\roma-core\1.1\roma-core-1.1.jar;C:\Users\Solmedo\.m2\repository\org\springframework\spring-context\4.3.16.RELEASE\spring-context-4.3.16.RELEASE.jar;C:\Users\Solmedo\.m2\repository\javax\validation\validation-api\1.1.0.Final\validation-api-1.1.0.Final.jar;C:\Users\Solmedo\.m2\repository\net\sf\json-lib\json-lib\2.4\json-lib-2.4-jdk15.jar;C:\Users\Solmedo\.m2\repository\commons-beanutils\commons-beanutils\1.9.3\commons-beanutils-1.9.3.jar;C:\Users\Solmedo\.m2\repository\commons-collections\commons-collections\3.2.2\commons-collections-3.2.2.jar;C:\Users\Solmedo\.m2\repository\commons-logging\commons-logging\1.1.1\commons-logging-1.1.1.jar;C:\Users\Solmedo\.m2\repository\net\sf\ezmorph\ezmorph\1.0.6\ezmorph-1.0.6.jar;C:\Users\Solmedo\workspace-git\XCoLab\microservices\clients\members-client\target\members-client-1.0-SNAPSHOT.jar;C:\Users\Solmedo\.m2\repository\joda-time\joda-time\2.9.9\joda-time-2.9.9.jar;C:\Users\Solmedo\workspace-git\XCoLab\microservices\clients\modeling-client\target\modeling-client-1.0-SNAPSHOT.jar;C:\Users\Solmedo\.m2\repository\javax\json\javax.json-api\1.1.2\javax.json-api-1.1.2.jar;C:\Users\Solmedo\.m2\repository\org\glassfish\javax.json\1.1.2\javax.json-1.1.2.jar;C:\Users\Solmedo\workspace-git\XCoLab\microservices\clients\activities-client\target\activities-client-1.0-SNAPSHOT.jar;C:\Users\Solmedo\workspace-git\XCoLab\microservices\clients\comment-client\target\comment-client-1.0-SNAPSHOT.jar;C:\Users\Solmedo\workspace-git\XCoLab\microservices\clients\emails-client\target\emails-client-1.0-SNAPSHOT.jar;C:\Users\Solmedo\workspace-git\XCoLab\microservices\clients\admin-client\target\admin-client-1.0-SNAPSHOT.jar;C:\Users\Solmedo\.m2\repository\org\apache\commons\commons-lang3\3.7\commons-lang3-3.7.jar;C:\Users\Solmedo\.m2\repository\org\apache\commons\commons-text\1.2\commons-text-1.2.jar;C:\Users\Solmedo\.m2\repository\junit\junit\4.12\junit-4.12.jar;C:\Users\Solmedo\.m2\repository\org\hamcrest\hamcrest-core\1.3\hamcrest-core-1.3.jar;"/>
    <property name="java.vm.vendor" value="Oracle Corporation"/>
    <property name="sun.arch.data.model" value="64"/>
    <property name="user.variant" value=""/>
    <property name="java.vendor.url" value="http://java.oracle.com/"/>
    <property name="user.timezone" value=""/>
    <property name="java.vm.specification.version" value="1.8"/>
    <property name="os.name" value="Windows 10"/>
    <property name="user.country" value="ES"/>
    <property name="sun.java.launcher" value="SUN_STANDARD"/>
    <property name="sun.boot.library.path" value="C:\Program Files\Java\jdk1.8.0_171\jre\bin"/>
    <property name="sun.java.command" value="C:\Users\Solmedo\AppData\Local\Temp\surefire445107529684098866\surefirebooter328596299961333548.jar C:\Users\Solmedo\AppData\Local\Temp\surefire445107529684098866 2019-06-10T19-03-58_107-jvmRun2 surefire8718330291462815442tmp surefire_66505024602266466187tmp"/>
    <property name="surefire.test.class.path" value="C:\Users\Solmedo\workspace-git\XCoLab\util\entity-utils\target\test-classes;C:\Users\Solmedo\workspace-git\XCoLab\util\entity-utils\target\classes;C:\Users\Solmedo\.m2\repository\javax\servlet\javax.servlet-api\3.1.0\javax.servlet-api-3.1.0.jar;C:\Users\Solmedo\.m2\repository\javax\mail\mail\1.4.7\mail-1.4.7.jar;C:\Users\Solmedo\.m2\repository\javax\activation\activation\1.1\activation-1.1.jar;C:\Users\Solmedo\.m2\repository\org\slf4j\slf4j-api\1.7.25\slf4j-api-1.7.25.jar;C:\Users\Solmedo\.m2\repository\org\apache\commons\commons-collections4\4.1\commons-collections4-4.1.jar;C:\Users\Solmedo\.m2\repository\org\json\json\20160212\json-20160212.jar;C:\Users\Solmedo\workspace-git\XCoLab\microservices\clients\contestproposal-client\target\contestproposal-client-1.0-SNAPSHOT.jar;C:\Users\Solmedo\workspace-git\XCoLab\util\xcolab-utils\target\xcolab-utils-1.0-SNAPSHOT.jar;C:\Users\Solmedo\.m2\repository\org\springframework\boot\spring-boot-starter-data-redis\1.5.12.RELEASE\spring-boot-starter-data-redis-1.5.12.RELEASE.jar;C:\Users\Solmedo\.m2\repository\org\springframework\boot\spring-boot-starter\1.5.12.RELEASE\spring-boot-starter-1.5.12.RELEASE.jar;C:\Users\Solmedo\.m2\repository\org\springframework\boot\spring-boot-starter-logging\1.5.12.RELEASE\spring-boot-starter-logging-1.5.12.RELEASE.jar;C:\Users\Solmedo\.m2\repository\ch\qos\logback\logback-classic\1.1.11\logback-classic-1.1.11.jar;C:\Users\Solmedo\.m2\repository\ch\qos\logback\logback-core\1.1.11\logback-core-1.1.11.jar;C:\Users\Solmedo\.m2\repository\org\slf4j\jul-to-slf4j\1.7.25\jul-to-slf4j-1.7.25.jar;C:\Users\Solmedo\.m2\repository\org\slf4j\log4j-over-slf4j\1.7.25\log4j-over-slf4j-1.7.25.jar;C:\Users\Solmedo\.m2\repository\org\springframework\spring-core\4.3.16.RELEASE\spring-core-4.3.16.RELEASE.jar;C:\Users\Solmedo\.m2\repository\org\yaml\snakeyaml\1.17\snakeyaml-1.17.jar;C:\Users\Solmedo\.m2\repository\org\springframework\data\spring-data-redis\1.8.11.RELEASE\spring-data-redis-1.8.11.RELEASE.jar;C:\Users\Solmedo\.m2\repository\org\springframework\data\spring-data-keyvalue\1.2.11.RELEASE\spring-data-keyvalue-1.2.11.RELEASE.jar;C:\Users\Solmedo\.m2\repository\org\springframework\data\spring-data-commons\1.13.11.RELEASE\spring-data-commons-1.13.11.RELEASE.jar;C:\Users\Solmedo\.m2\repository\org\springframework\spring-tx\4.3.16.RELEASE\spring-tx-4.3.16.RELEASE.jar;C:\Users\Solmedo\.m2\repository\org\springframework\spring-oxm\4.3.16.RELEASE\spring-oxm-4.3.16.RELEASE.jar;C:\Users\Solmedo\.m2\repository\org\springframework\spring-aop\4.3.16.RELEASE\spring-aop-4.3.16.RELEASE.jar;C:\Users\Solmedo\.m2\repository\org\springframework\spring-context-support\4.3.16.RELEASE\spring-context-support-4.3.16.RELEASE.jar;C:\Users\Solmedo\.m2\repository\org\slf4j\jcl-over-slf4j\1.7.25\jcl-over-slf4j-1.7.25.jar;C:\Users\Solmedo\.m2\repository\redis\clients\jedis\2.9.0\jedis-2.9.0.jar;C:\Users\Solmedo\.m2\repository\org\apache\commons\commons-pool2\2.4.3\commons-pool2-2.4.3.jar;C:\Users\Solmedo\.m2\repository\org\ehcache\ehcache\3.4.0\ehcache-3.4.0.jar;C:\Users\Solmedo\.m2\repository\net\sf\ehcache\ehcache\2.10.4\ehcache-2.10.4.jar;C:\Users\Solmedo\.m2\repository\io\dropwizard\metrics\metrics-core\3.2.5\metrics-core-3.2.5.jar;C:\Users\Solmedo\.m2\repository\io\dropwizard\metrics\metrics-ehcache\3.2.5\metrics-ehcache-3.2.5.jar;C:\Users\Solmedo\.m2\repository\org\springframework\boot\spring-boot-autoconfigure\1.5.12.RELEASE\spring-boot-autoconfigure-1.5.12.RELEASE.jar;C:\Users\Solmedo\.m2\repository\org\springframework\boot\spring-boot\1.5.12.RELEASE\spring-boot-1.5.12.RELEASE.jar;C:\Users\Solmedo\.m2\repository\org\springframework\cloud\spring-cloud-commons\1.3.3.RELEASE\spring-cloud-commons-1.3.3.RELEASE.jar;C:\Users\Solmedo\.m2\repository\org\springframework\security\spring-security-crypto\4.2.5.RELEASE\spring-security-crypto-4.2.5.RELEASE.jar;C:\Users\Solmedo\workspace-git\XCoLab\util\xcolab-commons\target\xcolab-commons-1.0-SNAPSHOT.jar;C:\Users\Solmedo\.m2\repository\org\springframework\spring-webmvc\4.3.16.RELEASE\spring-webmvc-4.3.16.RELEASE.jar;C:\Users\Solmedo\.m2\repository\org\springframework\spring-beans\4.3.16.RELEASE\spring-beans-4.3.16.RELEASE.jar;C:\Users\Solmedo\.m2\repository\org\springframework\spring-expression\4.3.16.RELEASE\spring-expression-4.3.16.RELEASE.jar;C:\Users\Solmedo\.m2\repository\org\springframework\spring-web\4.3.16.RELEASE\spring-web-4.3.16.RELEASE.jar;C:\Users\Solmedo\.m2\repository\com\fasterxml\jackson\core\jackson-databind\2.8.11.1\jackson-databind-2.8.11.1.jar;C:\Users\Solmedo\.m2\repository\com\fasterxml\jackson\core\jackson-annotations\2.8.0\jackson-annotations-2.8.0.jar;C:\Users\Solmedo\.m2\repository\com\fasterxml\jackson\core\jackson-core\2.8.11\jackson-core-2.8.11.jar;C:\Users\Solmedo\.m2\repository\org\jooq\jooq-codegen\3.9.2\jooq-codegen-3.9.2.jar;C:\Users\Solmedo\.m2\repository\org\jooq\jooq\3.9.2\jooq-3.9.2.jar;C:\Users\Solmedo\.m2\repository\org\jooq\jooq-meta\3.9.6\jooq-meta-3.9.6.jar;C:\Users\Solmedo\.m2\repository\org\nibor\autolink\autolink\0.7.0\autolink-0.7.0.jar;C:\Users\Solmedo\.m2\repository\org\jsoup\jsoup\1.11.2\jsoup-1.11.2.jar;C:\Users\Solmedo\.m2\repository\org\ocpsoft\prettytime\prettytime\4.0.1.Final\prettytime-4.0.1.Final.jar;C:\Users\Solmedo\.m2\repository\net\sf\opencsv\opencsv\2.3\opencsv-2.3.jar;C:\Users\Solmedo\.m2\repository\commons-io\commons-io\2.6\commons-io-2.6.jar;C:\Users\Solmedo\.m2\repository\edu\mit\cci\roma\client\1.4\client-1.4.jar;C:\Users\Solmedo\.m2\repository\org\apache\httpcomponents\httpclient\4.5.5\httpclient-4.5.5.jar;C:\Users\Solmedo\.m2\repository\org\apache\httpcomponents\httpcore\4.4.9\httpcore-4.4.9.jar;C:\Users\Solmedo\.m2\repository\commons-codec\commons-codec\1.10\commons-codec-1.10.jar;C:\Users\Solmedo\.m2\repository\commons-lang\commons-lang\2.3\commons-lang-2.3.jar;C:\Users\Solmedo\.m2\repository\edu\mit\cci\roma\roma-core\1.1\roma-core-1.1.jar;C:\Users\Solmedo\.m2\repository\org\springframework\spring-context\4.3.16.RELEASE\spring-context-4.3.16.RELEASE.jar;C:\Users\Solmedo\.m2\repository\javax\validation\validation-api\1.1.0.Final\validation-api-1.1.0.Final.jar;C:\Users\Solmedo\.m2\repository\net\sf\json-lib\json-lib\2.4\json-lib-2.4-jdk15.jar;C:\Users\Solmedo\.m2\repository\commons-beanutils\commons-beanutils\1.9.3\commons-beanutils-1.9.3.jar;C:\Users\Solmedo\.m2\repository\commons-collections\commons-collections\3.2.2\commons-collections-3.2.2.jar;C:\Users\Solmedo\.m2\repository\commons-logging\commons-logging\1.1.1\commons-logging-1.1.1.jar;C:\Users\Solmedo\.m2\repository\net\sf\ezmorph\ezmorph\1.0.6\ezmorph-1.0.6.jar;C:\Users\Solmedo\workspace-git\XCoLab\microservices\clients\members-client\target\members-client-1.0-SNAPSHOT.jar;C:\Users\Solmedo\.m2\repository\joda-time\joda-time\2.9.9\joda-time-2.9.9.jar;C:\Users\Solmedo\workspace-git\XCoLab\microservices\clients\modeling-client\target\modeling-client-1.0-SNAPSHOT.jar;C:\Users\Solmedo\.m2\repository\javax\json\javax.json-api\1.1.2\javax.json-api-1.1.2.jar;C:\Users\Solmedo\.m2\repository\org\glassfish\javax.json\1.1.2\javax.json-1.1.2.jar;C:\Users\Solmedo\workspace-git\XCoLab\microservices\clients\activities-client\target\activities-client-1.0-SNAPSHOT.jar;C:\Users\Solmedo\workspace-git\XCoLab\microservices\clients\comment-client\target\comment-client-1.0-SNAPSHOT.jar;C:\Users\Solmedo\workspace-git\XCoLab\microservices\clients\emails-client\target\emails-client-1.0-SNAPSHOT.jar;C:\Users\Solmedo\workspace-git\XCoLab\microservices\clients\admin-client\target\admin-client-1.0-SNAPSHOT.jar;C:\Users\Solmedo\.m2\repository\org\apache\commons\commons-lang3\3.7\commons-lang3-3.7.jar;C:\Users\Solmedo\.m2\repository\org\apache\commons\commons-text\1.2\commons-text-1.2.jar;C:\Users\Solmedo\.m2\repository\junit\junit\4.12\junit-4.12.jar;C:\Users\Solmedo\.m2\repository\org\hamcrest\hamcrest-core\1.3\hamcrest-core-1.3.jar;"/>
    <property name="sun.cpu.endian" value="little"/>
    <property name="user.home" value="C:\Users\Solmedo"/>
    <property name="user.language" value="es"/>
    <property name="java.specification.vendor" value="Oracle Corporation"/>
    <property name="java.home" value="C:\Program Files\Java\jdk1.8.0_171\jre"/>
    <property name="basedir" value="C:\Users\Solmedo\workspace-git\XCoLab\util\entity-utils"/>
    <property name="file.separator" value="\"/>
    <property name="line.separator" value="&#10;"/>
    <property name="java.vm.specification.vendor" value="Oracle Corporation"/>
    <property name="java.specification.name" value="Java Platform API Specification"/>
    <property name="java.awt.graphicsenv" value="sun.awt.Win32GraphicsEnvironment"/>
    <property name="surefire.real.class.path" value="C:\Users\Solmedo\AppData\Local\Temp\surefire445107529684098866\surefirebooter328596299961333548.jar"/>
    <property name="sun.boot.class.path" value="C:\Program Files\Java\jdk1.8.0_171\jre\lib\resources.jar;C:\Program Files\Java\jdk1.8.0_171\jre\lib\rt.jar;C:\Program Files\Java\jdk1.8.0_171\jre\lib\sunrsasign.jar;C:\Program Files\Java\jdk1.8.0_171\jre\lib\jsse.jar;C:\Program Files\Java\jdk1.8.0_171\jre\lib\jce.jar;C:\Program Files\Java\jdk1.8.0_171\jre\lib\charsets.jar;C:\Program Files\Java\jdk1.8.0_171\jre\lib\jfr.jar;C:\Program Files\Java\jdk1.8.0_171\jre\classes"/>
    <property name="user.script" value=""/>
    <property name="sun.management.compiler" value="HotSpot 64-Bit Tiered Compilers"/>
    <property name="java.runtime.version" value="1.8.0_171-b11"/>
    <property name="user.name" value="Solmedo"/>
    <property name="path.separator" value=";"/>
    <property name="os.version" value="10.0"/>
    <property name="java.endorsed.dirs" value="C:\Program Files\Java\jdk1.8.0_171\jre\lib\endorsed"/>
    <property name="java.runtime.name" value="Java(TM) SE Runtime Environment"/>
    <property name="file.encoding" value="Cp1252"/>
    <property name="java.vm.name" value="Java HotSpot(TM) 64-Bit Server VM"/>
    <property name="localRepository" value="C:\Users\Solmedo\.m2\repository"/>
    <property name="java.vendor.url.bug" value="http://bugreport.sun.com/bugreport/"/>
    <property name="java.io.tmpdir" value="C:\Users\Solmedo\AppData\Local\Temp\"/>
    <property name="java.version" value="1.8.0_171"/>
    <property name="user.dir" value="C:\Users\Solmedo\workspace-git\XCoLab\util\entity-utils"/>
    <property name="os.arch" value="amd64"/>
    <property name="java.vm.specification.name" value="Java Virtual Machine Specification"/>
    <property name="java.awt.printerjob" value="sun.awt.windows.WPrinterJob"/>
    <property name="sun.os.patch.level" value=""/>
    <property name="java.library.path" value="C:\Program Files\Java\jdk1.8.0_171\jre\bin;C:\WINDOWS\Sun\Java\bin;C:\WINDOWS\system32;C:\WINDOWS;C:\Users\Solmedo\bin;C:\Program Files\Git\mingw64\bin;C:\Program Files\Git\usr\local\bin;C:\Program Files\Git\usr\bin;C:\Program Files\Git\usr\bin;C:\Program Files\Git\mingw64\bin;C:\Program Files\Git\usr\bin;C:\Users\Solmedo\bin;C:\Program Files (x86)\Razer Chroma SDK\bin;C:\Program Files\Razer Chroma SDK\bin;C:\Program Files (x86)\Intel\iCLS Client;C:\Program Files\Intel\iCLS Client;C:\WINDOWS\system32;C:\WINDOWS;C:\WINDOWS\System32\Wbem;C:\WINDOWS\System32\WindowsPowerShell\v1.0;C:\Program Files (x86)\NVIDIA Corporation\PhysX\Common;C:\Program Files\Intel\Intel(R) Management Engine Components\DAL;C:\Program Files (x86)\Intel\Intel(R) Management Engine Components\DAL;C:\Program Files\Intel\Intel(R) Management Engine Components\IPT;C:\Program Files (x86)\Intel\Intel(R) Management Engine Components\IPT;C:\Users\Solmedo\AppData\Local\Microsoft\WindowsApps;C:\WINDOWS\system32;C:\WINDOWS;C:\WINDOWS\System32\Wbem;C:\WINDOWS\System32\WindowsPowerShell\v1.0;C:\WINDOWS\System32\OpenSSH;C:\Program Files\Java\jdk1.8.0_171\bin;C:\Program Files\Git\cmd;C:\Program Files\NVIDIA Corporation\NVIDIA NvDLISR;D:\apache-maven-3.6.0\bin;C:\Users\Solmedo\AppData\Local\Microsoft\WindowsApps;C:\Program Files\Git\usr\bin\vendor_perl;C:\Program Files\Git\usr\bin\core_perl;."/>
    <property name="java.vm.info" value="mixed mode"/>
    <property name="java.vendor" value="Oracle Corporation"/>
    <property name="java.vm.version" value="25.171-b11"/>
    <property name="java.ext.dirs" value="C:\Program Files\Java\jdk1.8.0_171\jre\lib\ext;C:\WINDOWS\Sun\Java\lib\ext"/>
    <property name="sun.io.unicode.encoding" value="UnicodeLittle"/>
    <property name="java.class.version" value="52.0"/>
  </properties>
  <testcase name="testGetRelativeUri__empty__shouldReturnRoot" classname="org.xcolab.entity.utils.LinkUtilsTest" time="0.246"/>
  <testcase name="testGetRelativeUri__blank__shouldReturnRoot" classname="org.xcolab.entity.utils.LinkUtilsTest" time="0"/>
  <testcase name="testGetRelativeUri__queryParam" classname="org.xcolab.entity.utils.LinkUtilsTest" time="0.003"/>
  <testcase name="testGetRelativeUri" classname="org.xcolab.entity.utils.LinkUtilsTest" time="0"/>
  <testcase name="testGetRelativeUri__emptyPath__shouldReturnRoot" classname="org.xcolab.entity.utils.LinkUtilsTest" time="0"/>
  <testcase name="testGetRelativeUri__null__shouldReturnNull" classname="org.xcolab.entity.utils.LinkUtilsTest" time="0"/>
  <testcase name="testGetRelativeUri__relativeUri__shouldReturnItself" classname="org.xcolab.entity.utils.LinkUtilsTest" time="0"/>
</testsuite>